[13:27:00.054] [info] Constructing a grid over 170x170x170 meters using 4913000 cubes
[13:27:00.054] [info] Cell dimensions: 1, 1, 1
[13:27:00.095] [debug] Grid allocated 314432000 bytes (299.87 MB). Total memory in use is 314432000 bytes (299.87 MB)
[13:27:00.116] [info] Maximum stable time step is 0.5773502691896258s in the current grid
[13:27:41.886] [info] Constructing a grid over 170x170x170 meters using 4913000 cubes
[13:27:41.886] [info] Cell dimensions: 1, 1, 1
[13:27:41.927] [debug] Grid allocated 314432000 bytes (299.87 MB). Total memory in use is 314432000 bytes (299.87 MB)
[13:27:41.949] [info] Maximum stable time step is 0.5773502691896258s in the current grid
[13:28:18.886] [debug] Grid deallocated
[14:03:00.883] [info] Constructing a grid over 170x170x170 meters using 4913000 cubes
[14:03:00.883] [info] Cell dimensions: 1, 1, 1
[14:03:00.923] [debug] Grid allocated 314432000 bytes (299.87 MB). Total memory in use is 314432000 bytes (299.87 MB)
[14:03:00.945] [info] Maximum stable time step is 0.5773502691896258s in the current grid
[14:03:33.117] [debug] Grid deallocated
[14:04:13.403] [info] Constructing a grid over 170x170x170 meters using 4913000 cubes
[14:04:13.403] [info] Cell dimensions: 1, 1, 1
[14:04:13.445] [debug] Grid allocated 314432000 bytes (299.87 MB). Total memory in use is 314432000 bytes (299.87 MB)
[14:04:13.466] [info] Maximum stable time step is 0.5773502691896258s in the current grid
[14:04:45.102] [info] Constructing a grid over 170x170x170 meters using 4913000 cubes
[14:04:45.102] [info] Cell dimensions: 1, 1, 1
[14:04:45.141] [debug] Grid allocated 314432000 bytes (299.87 MB). Total memory in use is 314432000 bytes (299.87 MB)
[14:04:45.162] [info] Maximum stable time step is 0.5773502691896258s in the current grid
[15:13:58.506] [info] Constructing a grid over 170x170x170 meters using 4913000 cubes
[15:13:58.507] [info] Cell dimensions: 1, 1, 1
[15:13:58.550] [debug] Grid allocated 314432000 bytes (299.87 MB). Total memory in use is 314432000 bytes (299.87 MB)
[15:13:58.572] [info] Maximum stable time step is 0.5773502691896258s in the current grid
[15:28:43.483] [info] Constructing a grid over 170x170x170 meters using 4913000 cubes
[15:28:43.483] [info] Cell dimensions: 1, 1, 1
[15:28:43.527] [debug] Grid allocated 314432000 bytes (299.87 MB). Total memory in use is 314432000 bytes (299.87 MB)
[15:28:43.549] [info] Maximum stable time step is 0.5773502691896258s in the current grid
[16:11:26.465] [info] Constructing a grid over 170x170x170 meters using 4913000 cubes
[16:11:26.465] [info] Cell dimensions: 1, 1, 1
[16:11:26.505] [debug] Grid allocated 314432000 bytes (299.87 MB). Total memory in use is 314432000 bytes (299.87 MB)
[16:11:26.528] [info] Maximum stable time step is 0.5773502691896258s in the current grid
[16:12:02.876] [debug] Grid deallocated
[16:28:11.023] [info] Constructing a grid over 170x170x170 meters using 4913000 cubes
[16:28:11.024] [info] Cell dimensions: 1, 1, 1
[16:28:11.068] [debug] Grid allocated 314432000 bytes (299.87 MB). Total memory in use is 314432000 bytes (299.87 MB)
[16:28:11.091] [info] Maximum stable time step is 0.5773502691896258s in the current grid
[16:28:43.474] [debug] Grid deallocated
[16:28:52.775] [info] Constructing a grid over 170x170x170 meters using 4913000 cubes
[16:28:52.775] [info] Cell dimensions: 1, 1, 1
[16:28:52.814] [debug] Grid allocated 314432000 bytes (299.87 MB). Total memory in use is 314432000 bytes (299.87 MB)
[16:28:52.836] [info] Maximum stable time step is 0.5773502691896258s in the current grid
[16:29:32.361] [debug] Grid deallocated
[16:30:21.544] [info] Constructing a grid over 170x170x170 meters using 4913000 cubes
[16:30:21.544] [info] Cell dimensions: 1, 1, 1
[16:30:21.585] [debug] Grid allocated 314432000 bytes (299.87 MB). Total memory in use is 314432000 bytes (299.87 MB)
[16:30:21.607] [info] Maximum stable time step is 0.5773502691896258s in the current grid
[16:30:59.861] [debug] Grid deallocated
[16:31:53.173] [info] Constructing a grid over 170x170x170 meters using 4913000 cubes
[16:31:53.173] [info] Cell dimensions: 1, 1, 1
[16:31:53.210] [debug] Grid allocated 314432000 bytes (299.87 MB). Total memory in use is 314432000 bytes (299.87 MB)
[16:31:53.233] [info] Maximum stable time step is 0.5773502691896258s in the current grid
[16:32:27.191] [debug] Grid deallocated
[16:35:24.298] [info] Constructing a grid over 170x170x170 meters using 4913000 cubes
[16:35:24.298] [info] Cell dimensions: 1, 1, 1
[16:35:24.327] [debug] SoA grid allocated 299.87 MB
[16:35:24.357] [info] Maximum stable time step is 0.5773502691896258s in the current grid
[16:35:57.157] [debug] Grid deallocated
[16:37:23.163] [info] Constructing a grid over 170x170x170 meters using 4913000 cubes
[16:37:23.163] [info] Cell dimensions: 1, 1, 1
[16:37:23.202] [debug] Grid allocated 314432000 bytes (299.87 MB). Total memory in use is 314432000 bytes (299.87 MB)
[16:37:23.224] [info] Maximum stable time step is 0.5773502691896258s in the current grid
[16:37:58.467] [debug] Grid deallocated
[19:34:01.242] [info] Constructing a grid over 170x170x170 meters using 4913000 cubes
[19:34:01.242] [info] Cell dimensions: 1, 1, 1
[19:34:01.285] [debug] Grid allocated 314432000 bytes (299.87 MB). Total memory in use is 314432000 bytes (299.87 MB)
[19:34:01.307] [info] Maximum stable time step is 0.5773502691896258s in the current grid
[19:34:01.350] [debug] Grid deallocated
[19:36:20.509] [info] Constructing a grid over 170x170x170 meters using 4913000 cubes
[19:36:20.509] [info] Cell dimensions: 1, 1, 1
[19:36:20.547] [debug] Grid allocated 314432000 bytes (299.87 MB). Total memory in use is 314432000 bytes (299.87 MB)
[19:36:20.570] [info] Maximum stable time step is 0.5773502691896258s in the current grid
[19:36:46.166] [debug] Grid deallocated
[19:45:44.768] [info] Constructing a grid over 170x170x170 meters using 4913000 cubes
[19:45:44.768] [info] Cell dimensions: 1, 1, 1
[19:45:44.807] [debug] Grid allocated 314432000 bytes (299.87 MB). Total memory in use is 314432000 bytes (299.87 MB)
[19:45:44.829] [info] Maximum stable time step is 0.5773502691896258s in the current grid
[19:46:11.094] [debug] Grid deallocated
[19:47:46.134] [info] Constructing a grid over 170x170x170 meters using 4913000 cubes
[19:47:46.134] [info] Cell dimensions: 1, 1, 1
[19:47:46.171] [debug] Grid allocated 314432000 bytes (299.87 MB). Total memory in use is 314432000 bytes (299.87 MB)
[19:47:46.194] [info] Maximum stable time step is 0.2886751345948129s in the current grid
[19:48:11.130] [debug] Grid deallocated
[19:49:03.975] [info] Constructing a grid over 100x100x100 meters using 1000000 cubes
[19:49:03.975] [info] Cell dimensions: 1, 1, 1
[19:49:03.985] [debug] Grid allocated 64000000 bytes (61.04 MB). Total memory in use is 64000000 bytes (61.04 MB)
[19:49:03.991] [info] Maximum stable time step is 0.2886751345948129s in the current grid
[19:49:07.488] [debug] Grid deallocated
[19:49:34.567] [info] Constructing a grid over 100x100x100 meters using 1000000 cubes
[19:49:34.567] [info] Cell dimensions: 1, 1, 1
[19:49:34.579] [debug] Grid allocated 64000000 bytes (61.04 MB). Total memory in use is 64000000 bytes (61.04 MB)
[19:49:34.585] [info] Maximum stable time step is 0.2886751345948129s in the current grid
[19:49:35.310] [debug] Grid deallocated
[19:53:25.984] [info] Constructing a grid over 100x100x100 meters using 1000000 cubes
[19:53:25.984] [info] Cell dimensions: 1, 1, 1
[19:53:49.798] [info] Constructing a grid over 100x100x100 meters using 1000000 cubes
[19:53:49.798] [info] Cell dimensions: 1, 1, 1
[19:53:49.808] [debug] Grid allocated 64000000 bytes (61.04 MB). Total memory in use is 64000000 bytes (61.04 MB)
[19:53:49.813] [info] Maximum stable time step is 0.2886751345948129s in the current grid
[19:53:53.410] [debug] Grid deallocated
[19:56:49.500] [info] Constructing a grid over 100x100x100 meters using 1000000 cubes
[19:56:49.500] [info] Cell dimensions: 1, 1, 1
[19:56:49.510] [debug] Grid allocated 64000000 bytes (61.04 MB). Total memory in use is 64000000 bytes (61.04 MB)
[19:56:49.515] [info] Maximum stable time step is 0.2886751345948129s in the current grid
[19:56:49.515] [debug] Grid deallocated
[16:27:12.257] [info] Constructing a grid over 100x100x100 meters using 1000000 cubes
[16:27:12.257] [info] Cell dimensions: 1, 1, 1
[16:27:12.268] [debug] Grid allocated 64000000 bytes (61.04 MB). Total memory in use is 64000000 bytes (61.04 MB)
[16:27:12.273] [info] Maximum stable time step is 0.2886751345948129s in the current grid
[16:27:12.675] [debug] Grid deallocated
[16:27:20.527] [info] Constructing a grid over 100x100x100 meters using 1000000 cubes
[16:27:20.527] [info] Cell dimensions: 1, 1, 1
[16:27:20.536] [debug] Grid allocated 64000000 bytes (61.04 MB). Total memory in use is 64000000 bytes (61.04 MB)
[16:27:20.541] [info] Maximum stable time step is 0.2886751345948129s in the current grid
[16:27:20.938] [debug] Grid deallocated
[16:28:54.795] [info] Constructing a grid over 100x100x100 meters using 1000000 cubes
[16:28:54.795] [info] Cell dimensions: 1, 1, 1
[16:28:54.805] [debug] Grid allocated 64000000 bytes (61.04 MB). Total memory in use is 64000000 bytes (61.04 MB)
[16:28:54.811] [info] Maximum stable time step is 0.2886751345948129s in the current grid
[16:29:44.130] [debug] Grid deallocated
[16:40:58.826] [info] Constructing a grid over 100x100x100 meters using 1000000 cubes
[16:40:58.826] [info] Cell dimensions: 1, 1, 1
[16:40:58.836] [debug] Grid allocated 64000000 bytes (61.04 MB). Total memory in use is 64000000 bytes (61.04 MB)
[16:40:58.841] [info] Maximum stable time step is 0.2886751345948129s in the current grid
[16:41:47.371] [debug] Grid deallocated
[17:40:33.704] [info] Constructing a grid over 100x100x100 meters using 1000000 cubes
[17:40:33.704] [info] Cell dimensions: 1, 1, 1
[17:40:33.714] [debug] Grid allocated 64000000 bytes (61.04 MB). Total memory in use is 64000000 bytes (61.04 MB)
[17:40:33.720] [info] Maximum stable time step is 0.2886751345948129s in the current grid
[17:40:37.703] [debug] Grid deallocated
[17:40:51.720] [info] Constructing a grid over 100x100x100 meters using 1000000 cubes
[17:40:51.720] [info] Cell dimensions: 1, 1, 1
[17:40:51.730] [debug] Grid allocated 64000000 bytes (61.04 MB). Total memory in use is 64000000 bytes (61.04 MB)
[17:40:51.736] [info] Maximum stable time step is 0.2886751345948129s in the current grid
[17:40:52.137] [debug] Grid deallocated
